Using pre-set license
Built from '2020.3/release' branch; Version is '2020.3.15f2 (6cf78cb77498) revision 7141260'; Using compiler version '192528614'; Build Type 'Release'
OS: 'Windows 10 Pro; OS build 19042.1237; Version 2009; 64bit' Language: 'en' Physical Memory: 32198 MB
BatchMode: 1, IsHumanControllingUs: 0, StartBugReporterOnCrash: 0, Is64bit: 1, IsPro: 0

 COMMAND LINE ARGUMENTS:
C:\Program Files\Unity\Hub\Editor\2020.3.15f2\Editor\Unity.exe
-adb2
-batchMode
-noUpm
-name
AssetImportWorker0
-projectPath
C:/Users/CreativeBrain10/Documents/GitHub/Crash-Course/Crash Course
-logFile
Logs/AssetImportWorker0.log
-srvPort
49831
Successfully changed project path to: C:/Users/CreativeBrain10/Documents/GitHub/Crash-Course/Crash Course
C:/Users/CreativeBrain10/Documents/GitHub/Crash-Course/Crash Course
Using Asset Import Pipeline V2.
Refreshing native plugins compatible for Editor in 39.25 ms, found 3 plugins.
Preloading 0 native plugins for Editor in 0.00 ms.
Initialize engine version: 2020.3.15f2 (6cf78cb77498)
[Subsystems] Discovering subsystems at path C:/Program Files/Unity/Hub/Editor/2020.3.15f2/Editor/Data/Resources/UnitySubsystems
[Subsystems] Discovering subsystems at path C:/Users/CreativeBrain10/Documents/GitHub/Crash-Course/Crash Course/Assets
GfxDevice: creating device client; threaded=0
Direct3D:
    Version:  Direct3D 11.0 [level 11.1]
    Renderer: NVIDIA Quadro T2000 (ID=0x1fb8)
    Vendor:   
    VRAM:     3962 MB
    Driver:   30.0.14.7141
Initialize mono
Mono path[0] = 'C:/Program Files/Unity/Hub/Editor/2020.3.15f2/Editor/Data/Managed'
Mono path[1] = 'C:/Program Files/Unity/Hub/Editor/2020.3.15f2/Editor/Data/MonoBleedingEdge/lib/mono/unityjit'
Mono config path = 'C:/Program Files/Unity/Hub/Editor/2020.3.15f2/Editor/Data/MonoBleedingEdge/etc'
Using monoOptions --debugger-agent=transport=dt_socket,embedding=1,server=y,suspend=n,address=127.0.0.1:56660
Begin MonoManager ReloadAssembly
Registering precompiled unity dll's ...
Register platform support module: C:/Program Files/Unity/Hub/Editor/2020.3.15f2/Editor/Data/PlaybackEngines/WebGLSupport/UnityEditor.WebGL.Extensions.dll
Register platform support module: C:/Program Files/Unity/Hub/Editor/2020.3.15f2/Editor/Data/PlaybackEngines/WindowsStandaloneSupport/UnityEditor.WindowsStandalone.Extensions.dll
Registered in 0.002355 seconds.
Native extension for WindowsStandalone target not found
Native extension for WebGL target not found
Refreshing native plugins compatible for Editor in 42.24 ms, found 3 plugins.
Preloading 0 native plugins for Editor in 0.00 ms.
Mono: successfully reloaded assembly
- Completed reload, in  1.299 seconds
Domain Reload Profiling:
	ReloadAssembly (1299ms)
		BeginReloadAssembly (51ms)
			ExecutionOrderSort (0ms)
			DisableScriptedObjects (0ms)
			BackupInstance (0ms)
			ReleaseScriptingObjects (0ms)
			CreateAndSetChildDomain (1ms)
		EndReloadAssembly (400ms)
			LoadAssemblies (50ms)
			RebuildTransferFunctionScriptingTraits (0ms)
			SetupTypeCache (131ms)
			ReleaseScriptCaches (0ms)
			RebuildScriptCaches (33ms)
			SetupLoadedEditorAssemblies (165ms)
				LogAssemblyErrors (0ms)
				InitializePlatformSupportModulesInManaged (4ms)
				SetLoadedEditorAssemblies (0ms)
				RefreshPlugins (42ms)
				BeforeProcessingInitializeOnLoad (14ms)
				ProcessInitializeOnLoadAttributes (79ms)
				ProcessInitializeOnLoadMethodAttributes (25ms)
				AfterProcessingInitializeOnLoad (0ms)
				EditorAssembliesLoaded (0ms)
			ExecutionOrderSort2 (0ms)
			AwakeInstancesAfterBackupRestoration (0ms)
Platform modules already initialized, skipping
Registering precompiled user dll's ...
Registered in 0.004283 seconds.
Begin MonoManager ReloadAssembly
Native extension for WindowsStandalone target not found
Native extension for WebGL target not found
Refreshing native plugins compatible for Editor in 34.33 ms, found 3 plugins.
Preloading 0 native plugins for Editor in 0.00 ms.
Mono: successfully reloaded assembly
- Completed reload, in  1.128 seconds
Domain Reload Profiling:
	ReloadAssembly (1128ms)
		BeginReloadAssembly (144ms)
			ExecutionOrderSort (0ms)
			DisableScriptedObjects (4ms)
			BackupInstance (0ms)
			ReleaseScriptingObjects (0ms)
			CreateAndSetChildDomain (16ms)
		EndReloadAssembly (927ms)
			LoadAssemblies (92ms)
			RebuildTransferFunctionScriptingTraits (0ms)
			SetupTypeCache (248ms)
			ReleaseScriptCaches (0ms)
			RebuildScriptCaches (49ms)
			SetupLoadedEditorAssemblies (434ms)
				LogAssemblyErrors (0ms)
				InitializePlatformSupportModulesInManaged (4ms)
				SetLoadedEditorAssemblies (0ms)
				RefreshPlugins (34ms)
				BeforeProcessingInitializeOnLoad (96ms)
				ProcessInitializeOnLoadAttributes (281ms)
				ProcessInitializeOnLoadMethodAttributes (11ms)
				AfterProcessingInitializeOnLoad (6ms)
				EditorAssembliesLoaded (0ms)
			ExecutionOrderSort2 (0ms)
			AwakeInstancesAfterBackupRestoration (5ms)
Platform modules already initialized, skipping
========================================================================
Worker process is ready to serve import requests
Launched and connected shader compiler UnityShaderCompiler.exe after 0.03 seconds
Refreshing native plugins compatible for Editor in 0.65 ms, found 3 plugins.
Preloading 0 native plugins for Editor in 0.00 ms.
Unloading 2090 Unused Serialized files (Serialized files now loaded: 0)
System memory in use before: 93.1 MB.
System memory in use after: 93.1 MB.

Unloading 33 unused Assets to reduce memory usage. Loaded Objects now: 2523.
Total: 2.730100 ms (FindLiveObjects: 0.183500 ms CreateObjectMapping: 0.067500 ms MarkObjects: 2.303700 ms  DeleteObjects: 0.174200 ms)

AssetImportParameters requested are different than current active one (requested -> active):
  custom:framework-win-MediaFoundation: 216162199b28c13a410421893ffa2e32 -> 
  custom:video-decoder-ogg-theora: a1e56fd34408186e4bbccfd4996cb3dc -> 
  custom:container-muxer-webm: aa71ff27fc2769a1b78a27578f13a17b -> 
  custom:container-demuxer-webm: 4f35f7cbe854078d1ac9338744f61a02 -> 
  custom:container-demuxer-ogg: 62fdf1f143b41e24485cea50d1cbac27 -> 
  custom:video-encoder-webm-vp8: eb34c28f22e8b96e1ab97ce403110664 -> 
  custom:video-decoder-webm-vp8: 9c59270c3fd7afecdb556c50c9e8de78 -> 
  custom:audio-decoder-ogg-vorbis: bf7c407c2cedff20999df2af8eb42d56 -> 
  custom:audio-encoder-webm-vorbis: bf7c407c2cedff20999df2af8eb42d56 -> 
========================================================================
Received Import Request.
  path: Assets/Sounds/music/bensound-punky.mp3
  artifactKey: Guid(610f92eab18af0345ace0cba6f177e83) Importer(815301076,1909f56bfc062723c751e8b465ee728b)
Start importing Assets/Sounds/music/bensound-punky.mp3 using Guid(610f92eab18af0345ace0cba6f177e83) Importer(815301076,1909f56bfc062723c751e8b465ee728b)  -> (artifact id: 'b78907b8cf8a75399ab8cd4e19c9fa6d') in 0.101528 seconds 
  Import took 0.104207 seconds .

========================================================================
Received Import Request.
  Time since last request: 0.000315 seconds.
  path: Assets/Sounds/music/bensound-energy.mp3
  artifactKey: Guid(2d983f4cea864a141b6747fb015d36d4) Importer(815301076,1909f56bfc062723c751e8b465ee728b)
Start importing Assets/Sounds/music/bensound-energy.mp3 using Guid(2d983f4cea864a141b6747fb015d36d4) Importer(815301076,1909f56bfc062723c751e8b465ee728b)  -> (artifact id: '2b7853eb68bc147ed10e27927eab2e77') in 0.012137 seconds 
  Import took 0.015305 seconds .

========================================================================
Received Import Request.
  Time since last request: 157.406395 seconds.
  path: Assets/Scenes/Maps
  artifactKey: Guid(37773fd9242b2384a9d07564bf784861) Importer(815301076,1909f56bfc062723c751e8b465ee728b)
Start importing Assets/Scenes/Maps using Guid(37773fd9242b2384a9d07564bf784861) Importer(815301076,1909f56bfc062723c751e8b465ee728b)  -> (artifact id: '0c1b03dc38d945fbd65b9cdd1b20c8a5') in 0.001782 seconds 
  Import took 0.005527 seconds .

========================================================================
Received Import Request.
  Time since last request: 0.010544 seconds.
  path: Assets/Scenes/Maps
  artifactKey: Guid(37773fd9242b2384a9d07564bf784861) Importer(815301076,1909f56bfc062723c751e8b465ee728b)
Start importing Assets/Scenes/Maps using Guid(37773fd9242b2384a9d07564bf784861) Importer(815301076,1909f56bfc062723c751e8b465ee728b)  -> (artifact id: '0c1b03dc38d945fbd65b9cdd1b20c8a5') in 0.001709 seconds 
  Import took 0.004457 seconds .

========================================================================
Received Import Request.
  Time since last request: 5.845130 seconds.
  path: Assets/Scenes
  artifactKey: Guid(afcd41304693799488b8e215cc7e3f8a) Importer(815301076,1909f56bfc062723c751e8b465ee728b)
Start importing Assets/Scenes using Guid(afcd41304693799488b8e215cc7e3f8a) Importer(815301076,1909f56bfc062723c751e8b465ee728b)  -> (artifact id: '9847ce7d10b028322aa4a04fda9f66ca') in 0.002340 seconds 
  Import took 0.005007 seconds .

========================================================================
Received Import Request.
  Time since last request: 0.001124 seconds.
  path: Assets/Scenes
  artifactKey: Guid(afcd41304693799488b8e215cc7e3f8a) Importer(815301076,1909f56bfc062723c751e8b465ee728b)
Start importing Assets/Scenes using Guid(afcd41304693799488b8e215cc7e3f8a) Importer(815301076,1909f56bfc062723c751e8b465ee728b)  -> (artifact id: '9847ce7d10b028322aa4a04fda9f66ca') in 0.001698 seconds 
  Import took 0.004885 seconds .

========================================================================
Received Import Request.
  Time since last request: 5.099948 seconds.
  path: Assets/Scenes/NewBehaviourScript.cs
  artifactKey: Guid(b901a1dcc5f5f334d829d63781084fbc) Importer(815301076,1909f56bfc062723c751e8b465ee728b)
Start importing Assets/Scenes/NewBehaviourScript.cs using Guid(b901a1dcc5f5f334d829d63781084fbc) Importer(815301076,1909f56bfc062723c751e8b465ee728b)  -> (artifact id: '2b853d02f092e7e9f32dd73144c14af0') in 0.014237 seconds 
  Import took 0.019076 seconds .

========================================================================
Received Prepare
Registering precompiled user dll's ...
Registered in 0.004965 seconds.
Begin MonoManager ReloadAssembly
Native extension for WindowsStandalone target not found
Native extension for WebGL target not found
Refreshing native plugins compatible for Editor in 0.44 ms, found 3 plugins.
Preloading 0 native plugins for Editor in 0.00 ms.
Mono: successfully reloaded assembly
- Completed reload, in  1.212 seconds
Domain Reload Profiling:
	ReloadAssembly (1213ms)
		BeginReloadAssembly (140ms)
			ExecutionOrderSort (0ms)
			DisableScriptedObjects (8ms)
			BackupInstance (0ms)
			ReleaseScriptingObjects (0ms)
			CreateAndSetChildDomain (37ms)
		EndReloadAssembly (1002ms)
			LoadAssemblies (107ms)
			RebuildTransferFunctionScriptingTraits (0ms)
			SetupTypeCache (358ms)
			ReleaseScriptCaches (1ms)
			RebuildScriptCaches (51ms)
			SetupLoadedEditorAssemblies (396ms)
				LogAssemblyErrors (0ms)
				InitializePlatformSupportModulesInManaged (6ms)
				SetLoadedEditorAssemblies (0ms)
				RefreshPlugins (1ms)
				BeforeProcessingInitializeOnLoad (97ms)
				ProcessInitializeOnLoadAttributes (280ms)
				ProcessInitializeOnLoadMethodAttributes (5ms)
				AfterProcessingInitializeOnLoad (7ms)
				EditorAssembliesLoaded (0ms)
			ExecutionOrderSort2 (0ms)
			AwakeInstancesAfterBackupRestoration (10ms)
Platform modules already initialized, skipping
Refreshing native plugins compatible for Editor in 0.50 ms, found 3 plugins.
Preloading 0 native plugins for Editor in 0.00 ms.
Unloading 2086 Unused Serialized files (Serialized files now loaded: 0)
System memory in use before: 96.1 MB.
System memory in use after: 96.1 MB.

Unloading 21 unused Assets to reduce memory usage. Loaded Objects now: 2537.
Total: 2.833100 ms (FindLiveObjects: 0.205700 ms CreateObjectMapping: 0.089800 ms MarkObjects: 2.434400 ms  DeleteObjects: 0.101700 ms)

AssetImportParameters requested are different than current active one (requested -> active):
  custom:framework-win-MediaFoundation: 216162199b28c13a410421893ffa2e32 -> 
  custom:video-decoder-ogg-theora: a1e56fd34408186e4bbccfd4996cb3dc -> 
  custom:container-muxer-webm: aa71ff27fc2769a1b78a27578f13a17b -> 
  custom:container-demuxer-webm: 4f35f7cbe854078d1ac9338744f61a02 -> 
  custom:container-demuxer-ogg: 62fdf1f143b41e24485cea50d1cbac27 -> 
  custom:video-encoder-webm-vp8: eb34c28f22e8b96e1ab97ce403110664 -> 
  custom:video-decoder-webm-vp8: 9c59270c3fd7afecdb556c50c9e8de78 -> 
  custom:audio-decoder-ogg-vorbis: bf7c407c2cedff20999df2af8eb42d56 -> 
  custom:audio-encoder-webm-vorbis: bf7c407c2cedff20999df2af8eb42d56 -> 
========================================================================
Received Prepare
Registering precompiled user dll's ...
Registered in 0.004770 seconds.
Begin MonoManager ReloadAssembly
Native extension for WindowsStandalone target not found
Native extension for WebGL target not found
Refreshing native plugins compatible for Editor in 0.42 ms, found 3 plugins.
Preloading 0 native plugins for Editor in 0.00 ms.
Mono: successfully reloaded assembly
- Completed reload, in  1.128 seconds
Domain Reload Profiling:
	ReloadAssembly (1128ms)
		BeginReloadAssembly (117ms)
			ExecutionOrderSort (0ms)
			DisableScriptedObjects (7ms)
			BackupInstance (0ms)
			ReleaseScriptingObjects (0ms)
			CreateAndSetChildDomain (35ms)
		EndReloadAssembly (940ms)
			LoadAssemblies (89ms)
			RebuildTransferFunctionScriptingTraits (0ms)
			SetupTypeCache (278ms)
			ReleaseScriptCaches (1ms)
			RebuildScriptCaches (55ms)
			SetupLoadedEditorAssemblies (410ms)
				LogAssemblyErrors (0ms)
				InitializePlatformSupportModulesInManaged (6ms)
				SetLoadedEditorAssemblies (0ms)
				RefreshPlugins (0ms)
				BeforeProcessingInitializeOnLoad (96ms)
				ProcessInitializeOnLoadAttributes (294ms)
				ProcessInitializeOnLoadMethodAttributes (6ms)
				AfterProcessingInitializeOnLoad (8ms)
				EditorAssembliesLoaded (0ms)
			ExecutionOrderSort2 (0ms)
			AwakeInstancesAfterBackupRestoration (12ms)
Platform modules already initialized, skipping
Refreshing native plugins compatible for Editor in 0.45 ms, found 3 plugins.
Preloading 0 native plugins for Editor in 0.00 ms.
Unloading 2085 Unused Serialized files (Serialized files now loaded: 0)
System memory in use before: 96.1 MB.
System memory in use after: 96.1 MB.

Unloading 22 unused Assets to reduce memory usage. Loaded Objects now: 2540.
Total: 2.967500 ms (FindLiveObjects: 0.189000 ms CreateObjectMapping: 0.058000 ms MarkObjects: 2.590300 ms  DeleteObjects: 0.129500 ms)

AssetImportParameters requested are different than current active one (requested -> active):
  custom:framework-win-MediaFoundation: 216162199b28c13a410421893ffa2e32 -> 
  custom:video-decoder-ogg-theora: a1e56fd34408186e4bbccfd4996cb3dc -> 
  custom:container-muxer-webm: aa71ff27fc2769a1b78a27578f13a17b -> 
  custom:container-demuxer-webm: 4f35f7cbe854078d1ac9338744f61a02 -> 
  custom:container-demuxer-ogg: 62fdf1f143b41e24485cea50d1cbac27 -> 
  custom:video-encoder-webm-vp8: eb34c28f22e8b96e1ab97ce403110664 -> 
  custom:video-decoder-webm-vp8: 9c59270c3fd7afecdb556c50c9e8de78 -> 
  custom:audio-decoder-ogg-vorbis: bf7c407c2cedff20999df2af8eb42d56 -> 
  custom:audio-encoder-webm-vorbis: bf7c407c2cedff20999df2af8eb42d56 -> 
========================================================================
Received Import Request.
  Time since last request: 19.372979 seconds.
  path: Assets/Scenes/Main Menu.unity
  artifactKey: Guid(ca2317483cd95fa41a6a1290b51ae08f) Importer(815301076,1909f56bfc062723c751e8b465ee728b)
Start importing Assets/Scenes/Main Menu.unity using Guid(ca2317483cd95fa41a6a1290b51ae08f) Importer(815301076,1909f56bfc062723c751e8b465ee728b)  -> (artifact id: 'e078be473b5fadb44e67695b7ce62f64') in 0.014495 seconds 
  Import took 0.017442 seconds .

========================================================================
Received Import Request.
  Time since last request: 10.792422 seconds.
  path: Assets/Scenes/SampleScene.unity
  artifactKey: Guid(2cda990e2423bbf4892e6590ba056729) Importer(815301076,1909f56bfc062723c751e8b465ee728b)
Start importing Assets/Scenes/SampleScene.unity using Guid(2cda990e2423bbf4892e6590ba056729) Importer(815301076,1909f56bfc062723c751e8b465ee728b)  -> (artifact id: 'aa27944bdea339c97c39027c7eea529c') in 0.002624 seconds 
  Import took 0.005529 seconds .

========================================================================
Received Import Request.
  Time since last request: 0.000868 seconds.
  path: Assets/Scenes/SampleScene.unity
  artifactKey: Guid(2cda990e2423bbf4892e6590ba056729) Importer(815301076,1909f56bfc062723c751e8b465ee728b)
Start importing Assets/Scenes/SampleScene.unity using Guid(2cda990e2423bbf4892e6590ba056729) Importer(815301076,1909f56bfc062723c751e8b465ee728b)  -> (artifact id: 'aa27944bdea339c97c39027c7eea529c') in 0.002215 seconds 
  Import took 0.004982 seconds .

========================================================================
Received Import Request.
  Time since last request: 8.481071 seconds.
  path: Assets/Scenes/Test Scene.unity
  artifactKey: Guid(2cda990e2423bbf4892e6590ba056729) Importer(815301076,1909f56bfc062723c751e8b465ee728b)
Start importing Assets/Scenes/Test Scene.unity using Guid(2cda990e2423bbf4892e6590ba056729) Importer(815301076,1909f56bfc062723c751e8b465ee728b)  -> (artifact id: '05974af63fa32173899e7987e397ebd6') in 0.002213 seconds 
  Import took 0.005559 seconds .

========================================================================
Received Import Request.
  Time since last request: 38.734982 seconds.
  path: Assets/Art/Screens/Crash Course Map.png
  artifactKey: Guid(e733c01bfce0a7d469971e8d98e29b24) Importer(815301076,1909f56bfc062723c751e8b465ee728b)
Start importing Assets/Art/Screens/Crash Course Map.png using Guid(e733c01bfce0a7d469971e8d98e29b24) Importer(815301076,1909f56bfc062723c751e8b465ee728b)  -> (artifact id: 'ffe6f3ac8ee97f3ad8e220d26fc08a45') in 0.064180 seconds 
  Import took 0.067880 seconds .

========================================================================
Received Import Request.
  Time since last request: 0.000510 seconds.
  path: Assets/Art/Screens/Street pieces.png
  artifactKey: Guid(70a52dbf9d714d944903c1a630950f94) Importer(815301076,1909f56bfc062723c751e8b465ee728b)
Start importing Assets/Art/Screens/Street pieces.png using Guid(70a52dbf9d714d944903c1a630950f94) Importer(815301076,1909f56bfc062723c751e8b465ee728b)  -> (artifact id: '0af3640db822eb3a97786e8f5e6916ab') in 0.017625 seconds 
  Import took 0.020931 seconds .

========================================================================
Received Import Request.
  Time since last request: 0.000391 seconds.
  path: Assets/Art/Screens/Title Screen.png
  artifactKey: Guid(164d1b0bb9b0243449542193ed912e42) Importer(815301076,1909f56bfc062723c751e8b465ee728b)
Start importing Assets/Art/Screens/Title Screen.png using Guid(164d1b0bb9b0243449542193ed912e42) Importer(815301076,1909f56bfc062723c751e8b465ee728b)  -> (artifact id: '2f3dfae575df214a1d8d63c9f9301333') in 0.016041 seconds 
  Import took 0.019372 seconds .

========================================================================
Received Import Request.
  Time since last request: 0.000411 seconds.
  path: Assets/Art/Screens/Settings Menu.png
  artifactKey: Guid(9cad2928708b58442b17f53128586f3a) Importer(815301076,1909f56bfc062723c751e8b465ee728b)
Start importing Assets/Art/Screens/Settings Menu.png using Guid(9cad2928708b58442b17f53128586f3a) Importer(815301076,1909f56bfc062723c751e8b465ee728b)  -> (artifact id: '382eb8b3567424ea20de79c93d39f17d') in 0.018800 seconds 
  Import took 0.023091 seconds .

========================================================================
Received Import Request.
  Time since last request: 0.000439 seconds.
  path: Assets/Art/Screens/Credits.png
  artifactKey: Guid(79fb05d13f2e1ac4998fa7f58edd1014) Importer(815301076,1909f56bfc062723c751e8b465ee728b)
Start importing Assets/Art/Screens/Credits.png using Guid(79fb05d13f2e1ac4998fa7f58edd1014) Importer(815301076,1909f56bfc062723c751e8b465ee728b)  -> (artifact id: '47d93d57f4d738c74f72c543baad91a6') in 0.015562 seconds 
  Import took 0.018830 seconds .

========================================================================
Received Import Request.
  Time since last request: 0.000325 seconds.
  path: Assets/Art/Screens/ShopMenu.png
  artifactKey: Guid(c95aed73f25c97f40899500514604fe3) Importer(815301076,1909f56bfc062723c751e8b465ee728b)
Start importing Assets/Art/Screens/ShopMenu.png using Guid(c95aed73f25c97f40899500514604fe3) Importer(815301076,1909f56bfc062723c751e8b465ee728b)  -> (artifact id: '7cf4e589fd236c3810f9779cbffed44b') in 0.016147 seconds 
  Import took 0.021186 seconds .

========================================================================
Received Import Request.
  Time since last request: 0.000367 seconds.
  path: Assets/Art/Screens/Street.png
  artifactKey: Guid(1737808b45afe004089d3c82c44b693d) Importer(815301076,1909f56bfc062723c751e8b465ee728b)
Start importing Assets/Art/Screens/Street.png using Guid(1737808b45afe004089d3c82c44b693d) Importer(815301076,1909f56bfc062723c751e8b465ee728b)  -> (artifact id: '2147dd4a4a3868aa1c23a3f94bee80a3') in 0.020506 seconds 
  Import took 0.024737 seconds .

========================================================================
Received Import Request.
  Time since last request: 0.000469 seconds.
  path: Assets/Art/Screens/GJThumbnail.png
  artifactKey: Guid(1137711b734188f488639cb516f4c290) Importer(815301076,1909f56bfc062723c751e8b465ee728b)
Start importing Assets/Art/Screens/GJThumbnail.png using Guid(1137711b734188f488639cb516f4c290) Importer(815301076,1909f56bfc062723c751e8b465ee728b)  -> (artifact id: '0915084f019791568d435e0377c5abe3') in 0.013515 seconds 
  Import took 0.016900 seconds .

========================================================================
Received Import Request.
  Time since last request: 0.000357 seconds.
  path: Assets/Art/Screens/Instructions Screen.png
  artifactKey: Guid(a5b875cdd96ff82458312ab96ee1e906) Importer(815301076,1909f56bfc062723c751e8b465ee728b)
Start importing Assets/Art/Screens/Instructions Screen.png using Guid(a5b875cdd96ff82458312ab96ee1e906) Importer(815301076,1909f56bfc062723c751e8b465ee728b)  -> (artifact id: '4e4d666bce3a27ddb8d043a401ef4ea6') in 0.015610 seconds 
  Import took 0.019179 seconds .

========================================================================
Received Import Request.
  Time since last request: 3.745251 seconds.
  path: Assets/Art/Screens/Crash Course Map.pdn
  artifactKey: Guid(2598a9d7610978d4c8c1e6b1af5f6505) Importer(815301076,1909f56bfc062723c751e8b465ee728b)
Start importing Assets/Art/Screens/Crash Course Map.pdn using Guid(2598a9d7610978d4c8c1e6b1af5f6505) Importer(815301076,1909f56bfc062723c751e8b465ee728b)  -> (artifact id: 'c0867b5e36a00cfa05f96e67380736ac') in 0.004408 seconds 
  Import took 0.007757 seconds .

========================================================================
Received Import Request.
  Time since last request: 0.000482 seconds.
  path: Assets/Art/Screens/Crash Course Map.pdn
  artifactKey: Guid(2598a9d7610978d4c8c1e6b1af5f6505) Importer(815301076,1909f56bfc062723c751e8b465ee728b)
Start importing Assets/Art/Screens/Crash Course Map.pdn using Guid(2598a9d7610978d4c8c1e6b1af5f6505) Importer(815301076,1909f56bfc062723c751e8b465ee728b)  -> (artifact id: 'c0867b5e36a00cfa05f96e67380736ac') in 0.002205 seconds 
  Import took 0.006119 seconds .

========================================================================
Received Import Request.
  Time since last request: 4.393165 seconds.
  path: Assets/Art/Screens/Title Screen.pdn
  artifactKey: Guid(637ec1c1d4bae5e47b8d2e290d6a52d1) Importer(815301076,1909f56bfc062723c751e8b465ee728b)
Start importing Assets/Art/Screens/Title Screen.pdn using Guid(637ec1c1d4bae5e47b8d2e290d6a52d1) Importer(815301076,1909f56bfc062723c751e8b465ee728b)  -> (artifact id: '6dfdc78473ac6d406a711afbd674bbe2') in 0.002287 seconds 
  Import took 0.006322 seconds .

========================================================================
Received Import Request.
  Time since last request: 0.001827 seconds.
  path: Assets/Art/Screens/Title Screen.pdn
  artifactKey: Guid(637ec1c1d4bae5e47b8d2e290d6a52d1) Importer(815301076,1909f56bfc062723c751e8b465ee728b)
Start importing Assets/Art/Screens/Title Screen.pdn using Guid(637ec1c1d4bae5e47b8d2e290d6a52d1) Importer(815301076,1909f56bfc062723c751e8b465ee728b)  -> (artifact id: '6dfdc78473ac6d406a711afbd674bbe2') in 0.002306 seconds 
  Import took 0.005530 seconds .

========================================================================
Received Import Request.
  Time since last request: 75.271815 seconds.
  path: Assets/Art/Sprites/GameElements/1Spike.png
  artifactKey: Guid(3902284925346c247b533a3ee21f7a54) Importer(815301076,1909f56bfc062723c751e8b465ee728b)
Start importing Assets/Art/Sprites/GameElements/1Spike.png using Guid(3902284925346c247b533a3ee21f7a54) Importer(815301076,1909f56bfc062723c751e8b465ee728b)  -> (artifact id: '03dde906b5b90553a28add3a87af0783') in 0.009580 seconds 
  Import took 0.013260 seconds .

========================================================================
Received Import Request.
  Time since last request: 0.000330 seconds.
  path: Assets/Art/Sprites/GameElements/Traffic Cone.png
  artifactKey: Guid(53b721f01f56fed4382ce06ae3c2f88d) Importer(815301076,1909f56bfc062723c751e8b465ee728b)
Start importing Assets/Art/Sprites/GameElements/Traffic Cone.png using Guid(53b721f01f56fed4382ce06ae3c2f88d) Importer(815301076,1909f56bfc062723c751e8b465ee728b)  -> (artifact id: '97cc89eed186da068ef6a9eac8a9d5bd') in 0.012457 seconds 
  Import took 0.015117 seconds .

========================================================================
Received Import Request.
  Time since last request: 0.000345 seconds.
  path: Assets/Art/Sprites/GameElements/PlayerMarker.png
  artifactKey: Guid(91c21de48b7ebcd45b86ecf5429e089e) Importer(815301076,1909f56bfc062723c751e8b465ee728b)
Start importing Assets/Art/Sprites/GameElements/PlayerMarker.png using Guid(91c21de48b7ebcd45b86ecf5429e089e) Importer(815301076,1909f56bfc062723c751e8b465ee728b)  -> (artifact id: '71993a5bf392708cc02ec4aa40edcba9') in 0.011145 seconds 
  Import took 0.014351 seconds .

========================================================================
Received Import Request.
  Time since last request: 0.000321 seconds.
  path: Assets/Art/Sprites/GameElements/Destructables.png
  artifactKey: Guid(d1d45bce794c6184fa0990003060b6b2) Importer(815301076,1909f56bfc062723c751e8b465ee728b)
Start importing Assets/Art/Sprites/GameElements/Destructables.png using Guid(d1d45bce794c6184fa0990003060b6b2) Importer(815301076,1909f56bfc062723c751e8b465ee728b)  -> (artifact id: '8206c4c0e56179c02228460916f73fe8') in 0.015305 seconds 
  Import took 0.018303 seconds .

========================================================================
Received Import Request.
  Time since last request: 0.000405 seconds.
  path: Assets/Art/Sprites/GameElements/2Spikes.png
  artifactKey: Guid(31a382b569303f1459388b2715b99f3c) Importer(815301076,1909f56bfc062723c751e8b465ee728b)
Start importing Assets/Art/Sprites/GameElements/2Spikes.png using Guid(31a382b569303f1459388b2715b99f3c) Importer(815301076,1909f56bfc062723c751e8b465ee728b)  -> (artifact id: '9d15dafc3eac3babefba9c8e6f44c247') in 0.012580 seconds 
  Import took 0.015680 seconds .

========================================================================
Received Import Request.
  Time since last request: 0.000328 seconds.
  path: Assets/Art/Sprites/GameElements/TargetIcon.png
  artifactKey: Guid(f55cf9a22d7460744b92f5d712effc40) Importer(815301076,1909f56bfc062723c751e8b465ee728b)
Start importing Assets/Art/Sprites/GameElements/TargetIcon.png using Guid(f55cf9a22d7460744b92f5d712effc40) Importer(815301076,1909f56bfc062723c751e8b465ee728b)  -> (artifact id: 'c891da0c6147e0f2667b8a0834ca0493') in 0.016808 seconds 
  Import took 0.019746 seconds .

========================================================================
Received Import Request.
  Time since last request: 0.000256 seconds.
  path: Assets/Art/Sprites/GameElements/3Spikes.png
  artifactKey: Guid(0e283c378a7cc7d47bf5d25c0fdb949a) Importer(815301076,1909f56bfc062723c751e8b465ee728b)
Start importing Assets/Art/Sprites/GameElements/3Spikes.png using Guid(0e283c378a7cc7d47bf5d25c0fdb949a) Importer(815301076,1909f56bfc062723c751e8b465ee728b)  -> (artifact id: 'f9c8b291f05549d396b847f4a65f82f5') in 0.014173 seconds 
  Import took 0.017342 seconds .

========================================================================
Received Import Request.
  Time since last request: 0.000306 seconds.
  path: Assets/Art/Sprites/GameElements/Road Block.png
  artifactKey: Guid(161651e9e81ef7b4dac3377111536e15) Importer(815301076,1909f56bfc062723c751e8b465ee728b)
Start importing Assets/Art/Sprites/GameElements/Road Block.png using Guid(161651e9e81ef7b4dac3377111536e15) Importer(815301076,1909f56bfc062723c751e8b465ee728b)  -> (artifact id: '8cc573301b5208b34a9dc2d1183a25d3') in 0.020714 seconds 
  Import took 0.025060 seconds .

========================================================================
Received Import Request.
  Time since last request: 3.265950 seconds.
  path: Assets/Art/Sprites/UI/CheckBox(Checked).png
  artifactKey: Guid(d9f74e31f3b3b01448ccfb982612324e) Importer(815301076,1909f56bfc062723c751e8b465ee728b)
Start importing Assets/Art/Sprites/UI/CheckBox(Checked).png using Guid(d9f74e31f3b3b01448ccfb982612324e) Importer(815301076,1909f56bfc062723c751e8b465ee728b)  -> (artifact id: 'ee9213efc428190a6d8455dc450d9e60') in 0.009275 seconds 
  Import took 0.012413 seconds .

========================================================================
Received Import Request.
  Time since last request: 0.000364 seconds.
  path: Assets/Art/Sprites/UI/Shop.png
  artifactKey: Guid(3d589c3b97f00854d8159f1f8a134f8a) Importer(815301076,1909f56bfc062723c751e8b465ee728b)
Start importing Assets/Art/Sprites/UI/Shop.png using Guid(3d589c3b97f00854d8159f1f8a134f8a) Importer(815301076,1909f56bfc062723c751e8b465ee728b)  -> (artifact id: '1089401507e9db1d2c63624f1f1b49eb') in 0.011424 seconds 
  Import took 0.014293 seconds .

========================================================================
Received Import Request.
  Time since last request: 0.000274 seconds.
  path: Assets/Art/Sprites/UI/Hub Cap.png
  artifactKey: Guid(6ddfc55e55daf1042af56b965e17b596) Importer(815301076,1909f56bfc062723c751e8b465ee728b)
Start importing Assets/Art/Sprites/UI/Hub Cap.png using Guid(6ddfc55e55daf1042af56b965e17b596) Importer(815301076,1909f56bfc062723c751e8b465ee728b)  -> (artifact id: '331b60184c0b0c0493d73f335bf4a889') in 0.010755 seconds 
  Import took 0.013728 seconds .

========================================================================
Received Import Request.
  Time since last request: 0.000276 seconds.
  path: Assets/Art/Sprites/UI/Credits.png
  artifactKey: Guid(67b160d0ed5af764686a2f3770309328) Importer(815301076,1909f56bfc062723c751e8b465ee728b)
Start importing Assets/Art/Sprites/UI/Credits.png using Guid(67b160d0ed5af764686a2f3770309328) Importer(815301076,1909f56bfc062723c751e8b465ee728b)  -> (artifact id: '283f64eeb5055ab7576475da2bb9c2b0') in 0.011009 seconds 
  Import took 0.014184 seconds .

========================================================================
Received Import Request.
  Time since last request: 0.000326 seconds.
  path: Assets/Art/Sprites/UI/Purchase Button.png
  artifactKey: Guid(331028571ec0cbc48a3178bcc48fc53b) Importer(815301076,1909f56bfc062723c751e8b465ee728b)
Start importing Assets/Art/Sprites/UI/Purchase Button.png using Guid(331028571ec0cbc48a3178bcc48fc53b) Importer(815301076,1909f56bfc062723c751e8b465ee728b)  -> (artifact id: '52a2170925aba8869d455a7c0880a83e') in 0.011737 seconds 
  Import took 0.014410 seconds .

========================================================================
Received Import Request.
  Time since last request: 0.000347 seconds.
  path: Assets/Art/Sprites/UI/Settings.png
  artifactKey: Guid(1dae9ece013988a44a63d54d656d8311) Importer(815301076,1909f56bfc062723c751e8b465ee728b)
Start importing Assets/Art/Sprites/UI/Settings.png using Guid(1dae9ece013988a44a63d54d656d8311) Importer(815301076,1909f56bfc062723c751e8b465ee728b)  -> (artifact id: 'efca9af77a912b398262e80eb61f1d95') in 0.010985 seconds 
  Import took 0.013973 seconds .

========================================================================
Received Import Request.
  Time since last request: 0.000605 seconds.
  path: Assets/Art/Sprites/UI/CheckBox(Unchecked).png
  artifactKey: Guid(19494f20867265949bb25c2bca1b36a3) Importer(815301076,1909f56bfc062723c751e8b465ee728b)
Start importing Assets/Art/Sprites/UI/CheckBox(Unchecked).png using Guid(19494f20867265949bb25c2bca1b36a3) Importer(815301076,1909f56bfc062723c751e8b465ee728b)  -> (artifact id: 'e7bc1e96965a371af1c810e5600c196f') in 0.010181 seconds 
  Import took 0.013466 seconds .

========================================================================
Received Import Request.
  Time since last request: 0.000304 seconds.
  path: Assets/Art/Sprites/UI/spr_textbox.png
  artifactKey: Guid(9b507f7a5db0b7246926bb6efbb7bf28) Importer(815301076,1909f56bfc062723c751e8b465ee728b)
Start importing Assets/Art/Sprites/UI/spr_textbox.png using Guid(9b507f7a5db0b7246926bb6efbb7bf28) Importer(815301076,1909f56bfc062723c751e8b465ee728b)  -> (artifact id: '4d9052e950812bdc7b4242288cee9f9b') in 0.008897 seconds 
  Import took 0.011693 seconds .

========================================================================
Received Import Request.
  Time since last request: 0.000429 seconds.
  path: Assets/Art/Sprites/UI/Play.png
  artifactKey: Guid(8fa0597afc2313c45b18f13cf7597536) Importer(815301076,1909f56bfc062723c751e8b465ee728b)
Start importing Assets/Art/Sprites/UI/Play.png using Guid(8fa0597afc2313c45b18f13cf7597536) Importer(815301076,1909f56bfc062723c751e8b465ee728b)  -> (artifact id: '351407bfabf4c20ddae30e243ef2a2d3') in 0.010455 seconds 
  Import took 0.014712 seconds .

========================================================================
Received Import Request.
  Time since last request: 0.000487 seconds.
  path: Assets/Art/Sprites/UI/Instructions.png
  artifactKey: Guid(9630d005c69a5c2489d1877e1dd5ca71) Importer(815301076,1909f56bfc062723c751e8b465ee728b)
Start importing Assets/Art/Sprites/UI/Instructions.png using Guid(9630d005c69a5c2489d1877e1dd5ca71) Importer(815301076,1909f56bfc062723c751e8b465ee728b)  -> (artifact id: '2774f58b1bb6a515c43386d93eb8ae03') in 0.010892 seconds 
  Import took 0.013874 seconds .

========================================================================
Received Import Request.
  Time since last request: 0.000309 seconds.
  path: Assets/Art/Sprites/UI/Exit.png
  artifactKey: Guid(55d51e71b2c999a40b44554d25f1b0c0) Importer(815301076,1909f56bfc062723c751e8b465ee728b)
Start importing Assets/Art/Sprites/UI/Exit.png using Guid(55d51e71b2c999a40b44554d25f1b0c0) Importer(815301076,1909f56bfc062723c751e8b465ee728b)  -> (artifact id: 'b74a87383d8b09ac98ebd2560b7e55b8') in 0.009783 seconds 
  Import took 0.012890 seconds .

========================================================================
Received Import Request.
  Time since last request: 20.013954 seconds.
  path: Assets/Art/Sprites/Vehicles/Bus.png
  artifactKey: Guid(644fb2449bb1d6f40ad6a83f733277b4) Importer(815301076,1909f56bfc062723c751e8b465ee728b)
Start importing Assets/Art/Sprites/Vehicles/Bus.png using Guid(644fb2449bb1d6f40ad6a83f733277b4) Importer(815301076,1909f56bfc062723c751e8b465ee728b)  -> (artifact id: '41c2d5d7ad6e91330915f779736fb6eb') in 0.010530 seconds 
  Import took 0.013779 seconds .

========================================================================
Received Import Request.
  Time since last request: 0.000294 seconds.
  path: Assets/Art/Sprites/Vehicles/Truck.png
  artifactKey: Guid(1ce477d7cecc5ad429af702046d27078) Importer(815301076,1909f56bfc062723c751e8b465ee728b)
Start importing Assets/Art/Sprites/Vehicles/Truck.png using Guid(1ce477d7cecc5ad429af702046d27078) Importer(815301076,1909f56bfc062723c751e8b465ee728b)  -> (artifact id: 'f906c35c2d5da3a40dbe5fdf080c0ea1') in 0.009739 seconds 
  Import took 0.012436 seconds .

========================================================================
Received Import Request.
  Time since last request: 0.000303 seconds.
  path: Assets/Art/Sprites/Vehicles/Off Roader.png
  artifactKey: Guid(53fe1c4b230f3114db44daa147577260) Importer(815301076,1909f56bfc062723c751e8b465ee728b)
Start importing Assets/Art/Sprites/Vehicles/Off Roader.png using Guid(53fe1c4b230f3114db44daa147577260) Importer(815301076,1909f56bfc062723c751e8b465ee728b)  -> (artifact id: '1aae541c35ea8dcb95afeff13b5e8a38') in 0.013213 seconds 
  Import took 0.016258 seconds .

========================================================================
Received Import Request.
  Time since last request: 0.000331 seconds.
  path: Assets/Art/Sprites/Vehicles/Scooter.png
  artifactKey: Guid(45025033c7e10ea48a61f700abb04149) Importer(815301076,1909f56bfc062723c751e8b465ee728b)
Start importing Assets/Art/Sprites/Vehicles/Scooter.png using Guid(45025033c7e10ea48a61f700abb04149) Importer(815301076,1909f56bfc062723c751e8b465ee728b)  -> (artifact id: 'ee6e1b877adb887aa5b2dd23e5fba0d7') in 0.013137 seconds 
  Import took 0.016135 seconds .

========================================================================
Received Import Request.
  Time since last request: 0.000352 seconds.
  path: Assets/Art/Sprites/Vehicles/Motorcycle.png
  artifactKey: Guid(a99e48e55ab4f2940beaf6a2728d08ae) Importer(815301076,1909f56bfc062723c751e8b465ee728b)
Start importing Assets/Art/Sprites/Vehicles/Motorcycle.png using Guid(a99e48e55ab4f2940beaf6a2728d08ae) Importer(815301076,1909f56bfc062723c751e8b465ee728b)  -> (artifact id: '7588e7b2c77575d70af874a9be2eff49') in 0.014448 seconds 
  Import took 0.017880 seconds .

========================================================================
Received Import Request.
  Time since last request: 0.000519 seconds.
  path: Assets/Art/Sprites/Vehicles/Camper.png
  artifactKey: Guid(39cf191b2347fab48aa6f2c35381c149) Importer(815301076,1909f56bfc062723c751e8b465ee728b)
Start importing Assets/Art/Sprites/Vehicles/Camper.png using Guid(39cf191b2347fab48aa6f2c35381c149) Importer(815301076,1909f56bfc062723c751e8b465ee728b)  -> (artifact id: 'efe4db6b6b7f51b57fd4e69924c90477') in 0.010389 seconds 
  Import took 0.014233 seconds .

========================================================================
Received Import Request.
  Time since last request: 0.000320 seconds.
  path: Assets/Art/Sprites/Vehicles/Taxi.png
  artifactKey: Guid(9860c60721f0fc645a806dc7903abb64) Importer(815301076,1909f56bfc062723c751e8b465ee728b)
Start importing Assets/Art/Sprites/Vehicles/Taxi.png using Guid(9860c60721f0fc645a806dc7903abb64) Importer(815301076,1909f56bfc062723c751e8b465ee728b)  -> (artifact id: 'd2ca5cb16abbec639c43ff64103cb129') in 0.010088 seconds 
  Import took 0.013004 seconds .

========================================================================
Received Import Request.
  Time since last request: 0.000381 seconds.
  path: Assets/Art/Sprites/Vehicles/Trailer.png
  artifactKey: Guid(a5bca5d17a0514c4cb63f5f30ca5cdd6) Importer(815301076,1909f56bfc062723c751e8b465ee728b)
Start importing Assets/Art/Sprites/Vehicles/Trailer.png using Guid(a5bca5d17a0514c4cb63f5f30ca5cdd6) Importer(815301076,1909f56bfc062723c751e8b465ee728b)  -> (artifact id: '0fcf3aaef4d575216cbdb0bb43334199') in 0.009654 seconds 
  Import took 0.012785 seconds .

========================================================================
Received Import Request.
  Time since last request: 0.000379 seconds.
  path: Assets/Art/Sprites/Vehicles/Vehicles.png
  artifactKey: Guid(2130e75884613f14cb768c52108b061c) Importer(815301076,1909f56bfc062723c751e8b465ee728b)
Start importing Assets/Art/Sprites/Vehicles/Vehicles.png using Guid(2130e75884613f14cb768c52108b061c) Importer(815301076,1909f56bfc062723c751e8b465ee728b)  -> (artifact id: 'f4b860d0cf1eaddc1bcbc4f0c2ae4064') in 0.010787 seconds 
  Import took 0.013802 seconds .

========================================================================
Received Prepare
Registering precompiled user dll's ...
Registered in 0.004912 seconds.
Begin MonoManager ReloadAssembly
Native extension for WindowsStandalone target not found
Native extension for WebGL target not found
Refreshing native plugins compatible for Editor in 0.51 ms, found 3 plugins.
Preloading 0 native plugins for Editor in 0.00 ms.
Mono: successfully reloaded assembly
- Completed reload, in  1.526 seconds
Domain Reload Profiling:
	ReloadAssembly (1526ms)
		BeginReloadAssembly (163ms)
			ExecutionOrderSort (0ms)
			DisableScriptedObjects (8ms)
			BackupInstance (0ms)
			ReleaseScriptingObjects (0ms)
			CreateAndSetChildDomain (43ms)
		EndReloadAssembly (1289ms)
			LoadAssemblies (129ms)
			RebuildTransferFunctionScriptingTraits (0ms)
			SetupTypeCache (385ms)
			ReleaseScriptCaches (1ms)
			RebuildScriptCaches (61ms)
			SetupLoadedEditorAssemblies (603ms)
				LogAssemblyErrors (0ms)
				InitializePlatformSupportModulesInManaged (7ms)
				SetLoadedEditorAssemblies (1ms)
				RefreshPlugins (1ms)
				BeforeProcessingInitializeOnLoad (131ms)
				ProcessInitializeOnLoadAttributes (447ms)
				ProcessInitializeOnLoadMethodAttributes (8ms)
				AfterProcessingInitializeOnLoad (9ms)
				EditorAssembliesLoaded (0ms)
			ExecutionOrderSort2 (0ms)
			AwakeInstancesAfterBackupRestoration (15ms)
Platform modules already initialized, skipping
Refreshing native plugins compatible for Editor in 0.53 ms, found 3 plugins.
Preloading 0 native plugins for Editor in 0.00 ms.
Unloading 2085 Unused Serialized files (Serialized files now loaded: 0)
System memory in use before: 96.3 MB.
System memory in use after: 96.3 MB.

Unloading 21 unused Assets to reduce memory usage. Loaded Objects now: 2595.
Total: 2.995200 ms (FindLiveObjects: 0.208200 ms CreateObjectMapping: 0.076900 ms MarkObjects: 2.607200 ms  DeleteObjects: 0.102000 ms)

AssetImportParameters requested are different than current active one (requested -> active):
  custom:framework-win-MediaFoundation: 216162199b28c13a410421893ffa2e32 -> 
  custom:video-decoder-ogg-theora: a1e56fd34408186e4bbccfd4996cb3dc -> 
  custom:container-muxer-webm: aa71ff27fc2769a1b78a27578f13a17b -> 
  custom:container-demuxer-webm: 4f35f7cbe854078d1ac9338744f61a02 -> 
  custom:container-demuxer-ogg: 62fdf1f143b41e24485cea50d1cbac27 -> 
  custom:video-encoder-webm-vp8: eb34c28f22e8b96e1ab97ce403110664 -> 
  custom:video-decoder-webm-vp8: 9c59270c3fd7afecdb556c50c9e8de78 -> 
  custom:audio-decoder-ogg-vorbis: bf7c407c2cedff20999df2af8eb42d56 -> 
  custom:audio-encoder-webm-vorbis: bf7c407c2cedff20999df2af8eb42d56 -> 
========================================================================
Received Prepare
Registering precompiled user dll's ...
Registered in 0.005536 seconds.
Begin MonoManager ReloadAssembly
Native extension for WindowsStandalone target not found
Native extension for WebGL target not found
Refreshing native plugins compatible for Editor in 0.47 ms, found 3 plugins.
Preloading 0 native plugins for Editor in 0.00 ms.
Mono: successfully reloaded assembly
- Completed reload, in  1.228 seconds
Domain Reload Profiling:
	ReloadAssembly (1228ms)
		BeginReloadAssembly (124ms)
			ExecutionOrderSort (0ms)
			DisableScriptedObjects (7ms)
			BackupInstance (0ms)
			ReleaseScriptingObjects (0ms)
			CreateAndSetChildDomain (34ms)
		EndReloadAssembly (1039ms)
			LoadAssemblies (94ms)
			RebuildTransferFunctionScriptingTraits (0ms)
			SetupTypeCache (293ms)
			ReleaseScriptCaches (1ms)
			RebuildScriptCaches (50ms)
			SetupLoadedEditorAssemblies (493ms)
				LogAssemblyErrors (0ms)
				InitializePlatformSupportModulesInManaged (6ms)
				SetLoadedEditorAssemblies (0ms)
				RefreshPlugins (1ms)
				BeforeProcessingInitializeOnLoad (113ms)
				ProcessInitializeOnLoadAttributes (357ms)
				ProcessInitializeOnLoadMethodAttributes (8ms)
				AfterProcessingInitializeOnLoad (8ms)
				EditorAssembliesLoaded (0ms)
			ExecutionOrderSort2 (0ms)
			AwakeInstancesAfterBackupRestoration (11ms)
Platform modules already initialized, skipping
Refreshing native plugins compatible for Editor in 0.55 ms, found 3 plugins.
Preloading 0 native plugins for Editor in 0.00 ms.
Unloading 2085 Unused Serialized files (Serialized files now loaded: 0)
System memory in use before: 96.3 MB.
System memory in use after: 96.3 MB.

Unloading 21 unused Assets to reduce memory usage. Loaded Objects now: 2599.
Total: 2.759500 ms (FindLiveObjects: 0.184900 ms CreateObjectMapping: 0.078000 ms MarkObjects: 2.393100 ms  DeleteObjects: 0.102600 ms)

AssetImportParameters requested are different than current active one (requested -> active):
  custom:framework-win-MediaFoundation: 216162199b28c13a410421893ffa2e32 -> 
  custom:video-decoder-ogg-theora: a1e56fd34408186e4bbccfd4996cb3dc -> 
  custom:container-muxer-webm: aa71ff27fc2769a1b78a27578f13a17b -> 
  custom:container-demuxer-webm: 4f35f7cbe854078d1ac9338744f61a02 -> 
  custom:container-demuxer-ogg: 62fdf1f143b41e24485cea50d1cbac27 -> 
  custom:video-encoder-webm-vp8: eb34c28f22e8b96e1ab97ce403110664 -> 
  custom:video-decoder-webm-vp8: 9c59270c3fd7afecdb556c50c9e8de78 -> 
  custom:audio-decoder-ogg-vorbis: bf7c407c2cedff20999df2af8eb42d56 -> 
  custom:audio-encoder-webm-vorbis: bf7c407c2cedff20999df2af8eb42d56 -> 
========================================================================
Received Prepare
Registering precompiled user dll's ...
Registered in 0.005049 seconds.
Begin MonoManager ReloadAssembly
Native extension for WindowsStandalone target not found
Native extension for WebGL target not found
Refreshing native plugins compatible for Editor in 0.45 ms, found 3 plugins.
Preloading 0 native plugins for Editor in 0.00 ms.
Mono: successfully reloaded assembly
- Completed reload, in  1.352 seconds
Domain Reload Profiling:
	ReloadAssembly (1353ms)
		BeginReloadAssembly (137ms)
			ExecutionOrderSort (0ms)
			DisableScriptedObjects (7ms)
			BackupInstance (0ms)
			ReleaseScriptingObjects (0ms)
			CreateAndSetChildDomain (40ms)
		EndReloadAssembly (1131ms)
			LoadAssemblies (123ms)
			RebuildTransferFunctionScriptingTraits (0ms)
			SetupTypeCache (338ms)
			ReleaseScriptCaches (1ms)
			RebuildScriptCaches (65ms)
			SetupLoadedEditorAssemblies (478ms)
				LogAssemblyErrors (0ms)
				InitializePlatformSupportModulesInManaged (9ms)
				SetLoadedEditorAssemblies (0ms)
				RefreshPlugins (1ms)
				BeforeProcessingInitializeOnLoad (118ms)
				ProcessInitializeOnLoadAttributes (338ms)
				ProcessInitializeOnLoadMethodAttributes (5ms)
				AfterProcessingInitializeOnLoad (7ms)
				EditorAssembliesLoaded (0ms)
			ExecutionOrderSort2 (0ms)
			AwakeInstancesAfterBackupRestoration (11ms)
Platform modules already initialized, skipping
Refreshing native plugins compatible for Editor in 0.45 ms, found 3 plugins.
Preloading 0 native plugins for Editor in 0.00 ms.
Unloading 2085 Unused Serialized files (Serialized files now loaded: 0)
System memory in use before: 96.3 MB.
System memory in use after: 96.3 MB.

Unloading 21 unused Assets to reduce memory usage. Loaded Objects now: 2603.
Total: 2.388400 ms (FindLiveObjects: 0.160800 ms CreateObjectMapping: 0.068500 ms MarkObjects: 2.068000 ms  DeleteObjects: 0.090400 ms)

AssetImportParameters requested are different than current active one (requested -> active):
  custom:framework-win-MediaFoundation: 216162199b28c13a410421893ffa2e32 -> 
  custom:video-decoder-ogg-theora: a1e56fd34408186e4bbccfd4996cb3dc -> 
  custom:container-muxer-webm: aa71ff27fc2769a1b78a27578f13a17b -> 
  custom:container-demuxer-webm: 4f35f7cbe854078d1ac9338744f61a02 -> 
  custom:container-demuxer-ogg: 62fdf1f143b41e24485cea50d1cbac27 -> 
  custom:video-encoder-webm-vp8: eb34c28f22e8b96e1ab97ce403110664 -> 
  custom:video-decoder-webm-vp8: 9c59270c3fd7afecdb556c50c9e8de78 -> 
  custom:audio-decoder-ogg-vorbis: bf7c407c2cedff20999df2af8eb42d56 -> 
  custom:audio-encoder-webm-vorbis: bf7c407c2cedff20999df2af8eb42d56 -> 
========================================================================
Received Prepare
Registering precompiled user dll's ...
Registered in 0.004920 seconds.
Begin MonoManager ReloadAssembly
Native extension for WindowsStandalone target not found
Native extension for WebGL target not found
Refreshing native plugins compatible for Editor in 0.75 ms, found 3 plugins.
Preloading 0 native plugins for Editor in 0.00 ms.
Mono: successfully reloaded assembly
- Completed reload, in  1.347 seconds
Domain Reload Profiling:
	ReloadAssembly (1347ms)
		BeginReloadAssembly (114ms)
			ExecutionOrderSort (0ms)
			DisableScriptedObjects (7ms)
			BackupInstance (0ms)
			ReleaseScriptingObjects (0ms)
			CreateAndSetChildDomain (32ms)
		EndReloadAssembly (1169ms)
			LoadAssemblies (97ms)
			RebuildTransferFunctionScriptingTraits (0ms)
			SetupTypeCache (333ms)
			ReleaseScriptCaches (1ms)
			RebuildScriptCaches (54ms)
			SetupLoadedEditorAssemblies (538ms)
				LogAssemblyErrors (0ms)
				InitializePlatformSupportModulesInManaged (10ms)
				SetLoadedEditorAssemblies (1ms)
				RefreshPlugins (1ms)
				BeforeProcessingInitializeOnLoad (142ms)
				ProcessInitializeOnLoadAttributes (371ms)
				ProcessInitializeOnLoadMethodAttributes (5ms)
				AfterProcessingInitializeOnLoad (7ms)
				EditorAssembliesLoaded (0ms)
			ExecutionOrderSort2 (0ms)
			AwakeInstancesAfterBackupRestoration (11ms)
Platform modules already initialized, skipping
Refreshing native plugins compatible for Editor in 0.50 ms, found 3 plugins.
Preloading 0 native plugins for Editor in 0.00 ms.
Unloading 2085 Unused Serialized files (Serialized files now loaded: 0)
System memory in use before: 96.3 MB.
System memory in use after: 96.3 MB.

Unloading 21 unused Assets to reduce memory usage. Loaded Objects now: 2607.
Total: 2.752200 ms (FindLiveObjects: 0.187600 ms CreateObjectMapping: 0.077800 ms MarkObjects: 2.387600 ms  DeleteObjects: 0.098300 ms)

AssetImportParameters requested are different than current active one (requested -> active):
  custom:framework-win-MediaFoundation: 216162199b28c13a410421893ffa2e32 -> 
  custom:video-decoder-ogg-theora: a1e56fd34408186e4bbccfd4996cb3dc -> 
  custom:container-muxer-webm: aa71ff27fc2769a1b78a27578f13a17b -> 
  custom:container-demuxer-webm: 4f35f7cbe854078d1ac9338744f61a02 -> 
  custom:container-demuxer-ogg: 62fdf1f143b41e24485cea50d1cbac27 -> 
  custom:video-encoder-webm-vp8: eb34c28f22e8b96e1ab97ce403110664 -> 
  custom:video-decoder-webm-vp8: 9c59270c3fd7afecdb556c50c9e8de78 -> 
  custom:audio-decoder-ogg-vorbis: bf7c407c2cedff20999df2af8eb42d56 -> 
  custom:audio-encoder-webm-vorbis: bf7c407c2cedff20999df2af8eb42d56 -> 
========================================================================
Received Prepare
Registering precompiled user dll's ...
Registered in 0.003838 seconds.
Begin MonoManager ReloadAssembly
Native extension for WindowsStandalone target not found
Native extension for WebGL target not found
Refreshing native plugins compatible for Editor in 0.41 ms, found 3 plugins.
Preloading 0 native plugins for Editor in 0.00 ms.
Mono: successfully reloaded assembly
- Completed reload, in  1.066 seconds
Domain Reload Profiling:
	ReloadAssembly (1067ms)
		BeginReloadAssembly (117ms)
			ExecutionOrderSort (0ms)
			DisableScriptedObjects (7ms)
			BackupInstance (0ms)
			ReleaseScriptingObjects (0ms)
			CreateAndSetChildDomain (32ms)
		EndReloadAssembly (894ms)
			LoadAssemblies (84ms)
			RebuildTransferFunctionScriptingTraits (0ms)
			SetupTypeCache (240ms)
			ReleaseScriptCaches (1ms)
			RebuildScriptCaches (43ms)
			SetupLoadedEditorAssemblies (388ms)
				LogAssemblyErrors (0ms)
				InitializePlatformSupportModulesInManaged (5ms)
				SetLoadedEditorAssemblies (0ms)
				RefreshPlugins (0ms)
				BeforeProcessingInitializeOnLoad (90ms)
				ProcessInitializeOnLoadAttributes (280ms)
				ProcessInitializeOnLoadMethodAttributes (5ms)
				AfterProcessingInitializeOnLoad (6ms)
				EditorAssembliesLoaded (0ms)
			ExecutionOrderSort2 (0ms)
			AwakeInstancesAfterBackupRestoration (10ms)
Platform modules already initialized, skipping
Refreshing native plugins compatible for Editor in 0.35 ms, found 3 plugins.
Preloading 0 native plugins for Editor in 0.00 ms.
Unloading 2085 Unused Serialized files (Serialized files now loaded: 0)
System memory in use before: 96.3 MB.
System memory in use after: 96.3 MB.

Unloading 21 unused Assets to reduce memory usage. Loaded Objects now: 2611.
Total: 2.645500 ms (FindLiveObjects: 0.177500 ms CreateObjectMapping: 0.060000 ms MarkObjects: 2.234200 ms  DeleteObjects: 0.172900 ms)

AssetImportParameters requested are different than current active one (requested -> active):
  custom:framework-win-MediaFoundation: 216162199b28c13a410421893ffa2e32 -> 
  custom:video-decoder-ogg-theora: a1e56fd34408186e4bbccfd4996cb3dc -> 
  custom:container-muxer-webm: aa71ff27fc2769a1b78a27578f13a17b -> 
  custom:container-demuxer-webm: 4f35f7cbe854078d1ac9338744f61a02 -> 
  custom:container-demuxer-ogg: 62fdf1f143b41e24485cea50d1cbac27 -> 
  custom:video-encoder-webm-vp8: eb34c28f22e8b96e1ab97ce403110664 -> 
  custom:video-decoder-webm-vp8: 9c59270c3fd7afecdb556c50c9e8de78 -> 
  custom:audio-decoder-ogg-vorbis: bf7c407c2cedff20999df2af8eb42d56 -> 
  custom:audio-encoder-webm-vorbis: bf7c407c2cedff20999df2af8eb42d56 -> 
========================================================================
Received Prepare
Registering precompiled user dll's ...
Registered in 0.004102 seconds.
Begin MonoManager ReloadAssembly
Native extension for WindowsStandalone target not found
Native extension for WebGL target not found
Refreshing native plugins compatible for Editor in 0.40 ms, found 3 plugins.
Preloading 0 native plugins for Editor in 0.00 ms.
Mono: successfully reloaded assembly
- Completed reload, in  1.058 seconds
Domain Reload Profiling:
	ReloadAssembly (1059ms)
		BeginReloadAssembly (104ms)
			ExecutionOrderSort (0ms)
			DisableScriptedObjects (6ms)
			BackupInstance (0ms)
			ReleaseScriptingObjects (0ms)
			CreateAndSetChildDomain (29ms)
		EndReloadAssembly (897ms)
			LoadAssemblies (84ms)
			RebuildTransferFunctionScriptingTraits (0ms)
			SetupTypeCache (261ms)
			ReleaseScriptCaches (1ms)
			RebuildScriptCaches (53ms)
			SetupLoadedEditorAssemblies (401ms)
				LogAssemblyErrors (0ms)
				InitializePlatformSupportModulesInManaged (5ms)
				SetLoadedEditorAssemblies (0ms)
				RefreshPlugins (0ms)
				BeforeProcessingInitializeOnLoad (96ms)
				ProcessInitializeOnLoadAttributes (288ms)
				ProcessInitializeOnLoadMethodAttributes (5ms)
				AfterProcessingInitializeOnLoad (6ms)
				EditorAssembliesLoaded (0ms)
			ExecutionOrderSort2 (0ms)
			AwakeInstancesAfterBackupRestoration (9ms)
Platform modules already initialized, skipping
Refreshing native plugins compatible for Editor in 0.47 ms, found 3 plugins.
Preloading 0 native plugins for Editor in 0.00 ms.
Unloading 2085 Unused Serialized files (Serialized files now loaded: 0)
System memory in use before: 96.3 MB.
System memory in use after: 96.3 MB.

Unloading 21 unused Assets to reduce memory usage. Loaded Objects now: 2615.
Total: 2.650400 ms (FindLiveObjects: 0.181600 ms CreateObjectMapping: 0.060400 ms MarkObjects: 2.256200 ms  DeleteObjects: 0.151300 ms)

AssetImportParameters requested are different than current active one (requested -> active):
  custom:framework-win-MediaFoundation: 216162199b28c13a410421893ffa2e32 -> 
  custom:video-decoder-ogg-theora: a1e56fd34408186e4bbccfd4996cb3dc -> 
  custom:container-muxer-webm: aa71ff27fc2769a1b78a27578f13a17b -> 
  custom:container-demuxer-webm: 4f35f7cbe854078d1ac9338744f61a02 -> 
  custom:container-demuxer-ogg: 62fdf1f143b41e24485cea50d1cbac27 -> 
  custom:video-encoder-webm-vp8: eb34c28f22e8b96e1ab97ce403110664 -> 
  custom:video-decoder-webm-vp8: 9c59270c3fd7afecdb556c50c9e8de78 -> 
  custom:audio-decoder-ogg-vorbis: bf7c407c2cedff20999df2af8eb42d56 -> 
  custom:audio-encoder-webm-vorbis: bf7c407c2cedff20999df2af8eb42d56 -> 
========================================================================
Received Prepare
Registering precompiled user dll's ...
Registered in 0.005206 seconds.
Begin MonoManager ReloadAssembly
Native extension for WindowsStandalone target not found
Native extension for WebGL target not found
Refreshing native plugins compatible for Editor in 0.55 ms, found 3 plugins.
Preloading 0 native plugins for Editor in 0.00 ms.
Mono: successfully reloaded assembly
- Completed reload, in  1.251 seconds
Domain Reload Profiling:
	ReloadAssembly (1251ms)
		BeginReloadAssembly (144ms)
			ExecutionOrderSort (0ms)
			DisableScriptedObjects (7ms)
			BackupInstance (0ms)
			ReleaseScriptingObjects (0ms)
			CreateAndSetChildDomain (38ms)
		EndReloadAssembly (1031ms)
			LoadAssemblies (114ms)
			RebuildTransferFunctionScriptingTraits (0ms)
			SetupTypeCache (320ms)
			ReleaseScriptCaches (1ms)
			RebuildScriptCaches (51ms)
			SetupLoadedEditorAssemblies (439ms)
				LogAssemblyErrors (0ms)
				InitializePlatformSupportModulesInManaged (9ms)
				SetLoadedEditorAssemblies (1ms)
				RefreshPlugins (1ms)
				BeforeProcessingInitializeOnLoad (112ms)
				ProcessInitializeOnLoadAttributes (301ms)
				ProcessInitializeOnLoadMethodAttributes (7ms)
				AfterProcessingInitializeOnLoad (8ms)
				EditorAssembliesLoaded (0ms)
			ExecutionOrderSort2 (0ms)
			AwakeInstancesAfterBackupRestoration (13ms)
Platform modules already initialized, skipping
Refreshing native plugins compatible for Editor in 0.46 ms, found 3 plugins.
Preloading 0 native plugins for Editor in 0.00 ms.
Unloading 2085 Unused Serialized files (Serialized files now loaded: 0)
System memory in use before: 96.3 MB.
System memory in use after: 96.3 MB.

Unloading 21 unused Assets to reduce memory usage. Loaded Objects now: 2619.
Total: 2.398500 ms (FindLiveObjects: 0.176600 ms CreateObjectMapping: 0.066400 ms MarkObjects: 2.067200 ms  DeleteObjects: 0.087500 ms)

AssetImportParameters requested are different than current active one (requested -> active):
  custom:framework-win-MediaFoundation: 216162199b28c13a410421893ffa2e32 -> 
  custom:video-decoder-ogg-theora: a1e56fd34408186e4bbccfd4996cb3dc -> 
  custom:container-muxer-webm: aa71ff27fc2769a1b78a27578f13a17b -> 
  custom:container-demuxer-webm: 4f35f7cbe854078d1ac9338744f61a02 -> 
  custom:container-demuxer-ogg: 62fdf1f143b41e24485cea50d1cbac27 -> 
  custom:video-encoder-webm-vp8: eb34c28f22e8b96e1ab97ce403110664 -> 
  custom:video-decoder-webm-vp8: 9c59270c3fd7afecdb556c50c9e8de78 -> 
  custom:audio-decoder-ogg-vorbis: bf7c407c2cedff20999df2af8eb42d56 -> 
  custom:audio-encoder-webm-vorbis: bf7c407c2cedff20999df2af8eb42d56 -> 
========================================================================
Received Prepare
Registering precompiled user dll's ...
Registered in 0.004376 seconds.
Begin MonoManager ReloadAssembly
Native extension for WindowsStandalone target not found
Native extension for WebGL target not found
Refreshing native plugins compatible for Editor in 0.51 ms, found 3 plugins.
Preloading 0 native plugins for Editor in 0.00 ms.
Mono: successfully reloaded assembly
- Completed reload, in  1.213 seconds
Domain Reload Profiling:
	ReloadAssembly (1213ms)
		BeginReloadAssembly (121ms)
			ExecutionOrderSort (0ms)
			DisableScriptedObjects (7ms)
			BackupInstance (0ms)
			ReleaseScriptingObjects (0ms)
			CreateAndSetChildDomain (32ms)
		EndReloadAssembly (1025ms)
			LoadAssemblies (98ms)
			RebuildTransferFunctionScriptingTraits (0ms)
			SetupTypeCache (315ms)
			ReleaseScriptCaches (1ms)
			RebuildScriptCaches (54ms)
			SetupLoadedEditorAssemblies (449ms)
				LogAssemblyErrors (0ms)
				InitializePlatformSupportModulesInManaged (6ms)
				SetLoadedEditorAssemblies (0ms)
				RefreshPlugins (1ms)
				BeforeProcessingInitializeOnLoad (117ms)
				ProcessInitializeOnLoadAttributes (312ms)
				ProcessInitializeOnLoadMethodAttributes (5ms)
				AfterProcessingInitializeOnLoad (7ms)
				EditorAssembliesLoaded (0ms)
			ExecutionOrderSort2 (0ms)
			AwakeInstancesAfterBackupRestoration (11ms)
Platform modules already initialized, skipping
Refreshing native plugins compatible for Editor in 0.49 ms, found 3 plugins.
Preloading 0 native plugins for Editor in 0.00 ms.
Unloading 2085 Unused Serialized files (Serialized files now loaded: 0)
System memory in use before: 96.4 MB.
System memory in use after: 96.3 MB.

Unloading 21 unused Assets to reduce memory usage. Loaded Objects now: 2623.
Total: 2.917500 ms (FindLiveObjects: 0.193000 ms CreateObjectMapping: 0.067200 ms MarkObjects: 2.556900 ms  DeleteObjects: 0.099600 ms)

AssetImportParameters requested are different than current active one (requested -> active):
  custom:framework-win-MediaFoundation: 216162199b28c13a410421893ffa2e32 -> 
  custom:video-decoder-ogg-theora: a1e56fd34408186e4bbccfd4996cb3dc -> 
  custom:container-muxer-webm: aa71ff27fc2769a1b78a27578f13a17b -> 
  custom:container-demuxer-webm: 4f35f7cbe854078d1ac9338744f61a02 -> 
  custom:container-demuxer-ogg: 62fdf1f143b41e24485cea50d1cbac27 -> 
  custom:video-encoder-webm-vp8: eb34c28f22e8b96e1ab97ce403110664 -> 
  custom:video-decoder-webm-vp8: 9c59270c3fd7afecdb556c50c9e8de78 -> 
  custom:audio-decoder-ogg-vorbis: bf7c407c2cedff20999df2af8eb42d56 -> 
  custom:audio-encoder-webm-vorbis: bf7c407c2cedff20999df2af8eb42d56 -> 
========================================================================
Received Prepare
Registering precompiled user dll's ...
Registered in 0.005412 seconds.
Begin MonoManager ReloadAssembly
Native extension for WindowsStandalone target not found
Native extension for WebGL target not found
Refreshing native plugins compatible for Editor in 0.52 ms, found 3 plugins.
Preloading 0 native plugins for Editor in 0.00 ms.
Mono: successfully reloaded assembly
- Completed reload, in  1.319 seconds
Domain Reload Profiling:
	ReloadAssembly (1319ms)
		BeginReloadAssembly (118ms)
			ExecutionOrderSort (0ms)
			DisableScriptedObjects (8ms)
			BackupInstance (0ms)
			ReleaseScriptingObjects (0ms)
			CreateAndSetChildDomain (34ms)
		EndReloadAssembly (1136ms)
			LoadAssemblies (105ms)
			RebuildTransferFunctionScriptingTraits (0ms)
			SetupTypeCache (372ms)
			ReleaseScriptCaches (1ms)
			RebuildScriptCaches (58ms)
			SetupLoadedEditorAssemblies (474ms)
				LogAssemblyErrors (0ms)
				InitializePlatformSupportModulesInManaged (7ms)
				SetLoadedEditorAssemblies (1ms)
				RefreshPlugins (1ms)
				BeforeProcessingInitializeOnLoad (120ms)
				ProcessInitializeOnLoadAttributes (334ms)
				ProcessInitializeOnLoadMethodAttributes (5ms)
				AfterProcessingInitializeOnLoad (7ms)
				EditorAssembliesLoaded (0ms)
			ExecutionOrderSort2 (0ms)
			AwakeInstancesAfterBackupRestoration (12ms)
Platform modules already initialized, skipping
Refreshing native plugins compatible for Editor in 0.53 ms, found 3 plugins.
Preloading 0 native plugins for Editor in 0.00 ms.
Unloading 2098 Unused Serialized files (Serialized files now loaded: 0)
System memory in use before: 98.4 MB.
System memory in use after: 97.7 MB.

Unloading 34 unused Assets to reduce memory usage. Loaded Objects now: 2627.
Total: 2.781300 ms (FindLiveObjects: 0.164400 ms CreateObjectMapping: 0.068300 ms MarkObjects: 2.196400 ms  DeleteObjects: 0.351200 ms)

AssetImportParameters requested are different than current active one (requested -> active):
  custom:framework-win-MediaFoundation: 216162199b28c13a410421893ffa2e32 -> 
  custom:video-decoder-ogg-theora: a1e56fd34408186e4bbccfd4996cb3dc -> 
  custom:container-muxer-webm: aa71ff27fc2769a1b78a27578f13a17b -> 
  custom:container-demuxer-webm: 4f35f7cbe854078d1ac9338744f61a02 -> 
  custom:container-demuxer-ogg: 62fdf1f143b41e24485cea50d1cbac27 -> 
  custom:video-encoder-webm-vp8: eb34c28f22e8b96e1ab97ce403110664 -> 
  custom:video-decoder-webm-vp8: 9c59270c3fd7afecdb556c50c9e8de78 -> 
  custom:audio-decoder-ogg-vorbis: bf7c407c2cedff20999df2af8eb42d56 -> 
  custom:audio-encoder-webm-vorbis: bf7c407c2cedff20999df2af8eb42d56 -> 
========================================================================
Received Import Request.
  Time since last request: 3384.096287 seconds.
  path: Assets/Art/Sprites/UI
  artifactKey: Guid(019145e136a64bc4197265e4275d8c14) Importer(815301076,1909f56bfc062723c751e8b465ee728b)
Start importing Assets/Art/Sprites/UI using Guid(019145e136a64bc4197265e4275d8c14) Importer(815301076,1909f56bfc062723c751e8b465ee728b)  -> (artifact id: 'f95486aa60568ff503dc9a4580e89f8d') in 0.005005 seconds 
  Import took 0.008726 seconds .

========================================================================
Received Import Request.
  Time since last request: 0.007688 seconds.
  path: Assets/Art/Sprites/UI
  artifactKey: Guid(019145e136a64bc4197265e4275d8c14) Importer(815301076,1909f56bfc062723c751e8b465ee728b)
Start importing Assets/Art/Sprites/UI using Guid(019145e136a64bc4197265e4275d8c14) Importer(815301076,1909f56bfc062723c751e8b465ee728b)  -> (artifact id: 'f95486aa60568ff503dc9a4580e89f8d') in 0.002055 seconds 
  Import took 0.005586 seconds .

AssetImportWorkerClient::OnTransportError - code=2 error=End of file
